2025-07-08 22:47:34,205 - config - INFO - Base de données arxiv_db créée ou existe déjà
2025-07-08 22:47:34,223 - config - INFO - Connexion à MySQL établie avec succès
2025-07-08 22:47:34,377 - config - INFO - Toutes les tables ont été créées avec succès
2025-07-08 22:47:34,386 - config - INFO - Connexion fermée
2025-07-08 22:48:55,116 - config - INFO - Extraction par mots-clés: ['machine learning']
2025-07-08 22:48:55,118 - config - INFO - Début de l'extraction pour la requête: (ti:"machine learning" OR abs:"machine learning") AND (cat:cs.LG OR cat:cs.AI)
2025-07-08 22:48:56,074 - config - INFO - Nombre total d'articles disponibles: 5
2025-07-08 22:48:56,909 - config - INFO - Connexion à MySQL établie avec succès
2025-07-08 22:48:57,059 - config - INFO - Connexion fermée
2025-07-08 22:48:57,061 - config - INFO - Extraction terminée. 5 articles extraits.
2025-07-08 22:48:57,080 - config - INFO - Données sauvegardées dans data/timachine_learning_OR_absmachine_learning_AND_catcsLG_OR_catcsAI_20250708_224857.json et data/timachine_learning_OR_absmachine_learning_AND_catcsLG_OR_catcsAI_20250708_224857.csv
2025-07-08 22:48:57,081 - config - INFO - Nettoyage de 5 articles
2025-07-08 22:48:57,087 - config - INFO - Suppression de 0 doublons
2025-07-08 22:48:57,113 - config - INFO - Nettoyage terminé. 5 articles valides
2025-07-08 22:48:57,115 - config - INFO - Résultats sauvegardés dans data/extraction_results_20250708_224857.json
2025-07-08 22:50:21,556 - config - INFO - Extraction par catégorie: cs.CV
2025-07-08 22:50:21,556 - config - INFO - Début de l'extraction pour la requête: cat:cs.CV
2025-07-08 22:50:22,393 - config - INFO - Nombre total d'articles disponibles: 3
2025-07-08 22:50:23,010 - config - INFO - Connexion à MySQL établie avec succès
2025-07-08 22:50:23,089 - config - INFO - Connexion fermée
2025-07-08 22:50:23,091 - config - INFO - Extraction terminée. 3 articles extraits.
2025-07-08 22:50:23,103 - config - INFO - Données sauvegardées dans data/catcsCV_20250708_225023.json et data/catcsCV_20250708_225023.csv
2025-07-08 22:50:23,107 - config - INFO - Nettoyage de 3 articles
2025-07-08 22:50:23,111 - config - INFO - Suppression de 0 doublons
2025-07-08 22:50:23,115 - config - INFO - Nettoyage terminé. 3 articles valides
2025-07-08 22:50:23,116 - config - INFO - Résultats sauvegardés dans data/extraction_results_20250708_225023.json
2025-07-08 22:51:08,550 - config - INFO - Connexion à MySQL établie avec succès
2025-07-08 22:51:08,555 - config - INFO - Statistiques de la base : {'total_articles': 8, 'total_authors': 41, 'articles_by_category': [('cs.CV', 4), ('cs.LG', 1), ('stat.ME', 1), ('math.NA', 1), ('math.DS', 1)], 'articles_by_year': [(2025, 8)]}
2025-07-08 22:51:08,561 - config - INFO - Connexion fermée
2025-07-08 22:55:34,326 - config - INFO - Extraction par auteur: Yann LeCun
2025-07-08 22:55:34,327 - config - INFO - Début de l'extraction pour la requête: au:"Yann LeCun"
2025-07-08 22:55:35,563 - config - INFO - Nombre total d'articles disponibles: 2
2025-07-08 22:55:36,208 - config - INFO - Connexion à MySQL établie avec succès
2025-07-08 22:55:36,338 - config - INFO - Connexion fermée
2025-07-08 22:55:36,339 - config - INFO - Extraction terminée. 2 articles extraits.
2025-07-08 22:55:36,372 - config - INFO - Données sauvegardées dans data/auYann_LeCun_20250708_225536.json et data/auYann_LeCun_20250708_225536.csv
2025-07-08 22:55:36,414 - config - INFO - Nettoyage de 2 articles
2025-07-08 22:55:36,429 - config - INFO - Suppression de 0 doublons
2025-07-08 22:55:36,430 - config - INFO - Nettoyage terminé. 2 articles valides
2025-07-08 22:55:36,432 - config - INFO - Résultats sauvegardés dans data/extraction_results_20250708_225536.json
2025-07-13 09:39:32,822 - config - INFO - Début de l'extraction pour la requête: (ti:"machine learning" OR abs:"machine learning") AND (cat:cs.LG OR cat:cs.AI)
2025-07-13 09:39:33,433 - config - INFO - Nombre total d'articles disponibles: 10
2025-07-13 09:43:33,307 - config - INFO - Début de l'extraction pour la requête: (ti:"machine learning" OR abs:"machine learning") AND (cat:cs.LG OR cat:cs.AI)
2025-07-13 09:43:33,622 - config - INFO - Nombre total d'articles disponibles: 10
2025-07-13 09:47:05,902 - config - INFO - Extraction par mots-clés: ['machine learning']
2025-07-13 09:47:05,910 - config - INFO - Début de l'extraction pour la requête: (ti:"machine learning" OR abs:"machine learning")
2025-07-13 09:47:06,461 - config - INFO - Nombre total d'articles disponibles: 100
2025-07-13 09:47:07,202 - config - INFO - Connexion à MySQL établie avec succès
2025-07-13 09:47:07,210 - config - ERROR - Erreur lors de l'insertion de l'article: 1146 (42S02): Table 'arxiv_db.articles' doesn't exist
2025-07-13 09:47:07,210 - config - ERROR - Erreur lors de l'insertion de l'article: 1146 (42S02): Table 'arxiv_db.articles' doesn't exist
2025-07-13 09:47:07,210 - config - ERROR - Erreur lors de l'insertion de l'article: 1146 (42S02): Table 'arxiv_db.articles' doesn't exist
2025-07-13 09:47:07,210 - config - ERROR - Erreur lors de l'insertion de l'article: 1146 (42S02): Table 'arxiv_db.articles' doesn't exist
2025-07-13 09:47:07,218 - config - ERROR - Erreur lors de l'insertion de l'article: 1146 (42S02): Table 'arxiv_db.articles' doesn't exist
2025-07-13 09:47:07,218 - config - ERROR - Erreur lors de l'insertion de l'article: 1146 (42S02): Table 'arxiv_db.articles' doesn't exist
2025-07-13 09:47:07,218 - config - ERROR - Erreur lors de l'insertion de l'article: 1146 (42S02): Table 'arxiv_db.articles' doesn't exist
2025-07-13 09:47:07,218 - config - ERROR - Erreur lors de l'insertion de l'article: 1146 (42S02): Table 'arxiv_db.articles' doesn't exist
2025-07-13 09:47:07,234 - config - ERROR - Erreur lors de l'insertion de l'article: 1146 (42S02): Table 'arxiv_db.articles' doesn't exist
2025-07-13 09:47:07,237 - config - ERROR - Erreur lors de l'insertion de l'article: 1146 (42S02): Table 'arxiv_db.articles' doesn't exist
2025-07-13 09:47:07,237 - config - ERROR - Erreur lors de l'insertion de l'article: 1146 (42S02): Table 'arxiv_db.articles' doesn't exist
2025-07-13 09:47:07,237 - config - ERROR - Erreur lors de l'insertion de l'article: 1146 (42S02): Table 'arxiv_db.articles' doesn't exist
2025-07-13 09:47:07,245 - config - ERROR - Erreur lors de l'insertion de l'article: 1146 (42S02): Table 'arxiv_db.articles' doesn't exist
2025-07-13 09:47:07,245 - config - ERROR - Erreur lors de l'insertion de l'article: 1146 (42S02): Table 'arxiv_db.articles' doesn't exist
2025-07-13 09:47:07,245 - config - ERROR - Erreur lors de l'insertion de l'article: 1146 (42S02): Table 'arxiv_db.articles' doesn't exist
2025-07-13 09:47:07,253 - config - ERROR - Erreur lors de l'insertion de l'article: 1146 (42S02): Table 'arxiv_db.articles' doesn't exist
2025-07-13 09:47:07,253 - config - ERROR - Erreur lors de l'insertion de l'article: 1146 (42S02): Table 'arxiv_db.articles' doesn't exist
2025-07-13 09:47:07,261 - config - ERROR - Erreur lors de l'insertion de l'article: 1146 (42S02): Table 'arxiv_db.articles' doesn't exist
2025-07-13 09:47:07,261 - config - ERROR - Erreur lors de l'insertion de l'article: 1146 (42S02): Table 'arxiv_db.articles' doesn't exist
2025-07-13 09:47:07,261 - config - ERROR - Erreur lors de l'insertion de l'article: 1146 (42S02): Table 'arxiv_db.articles' doesn't exist
2025-07-13 09:47:07,261 - config - ERROR - Erreur lors de l'insertion de l'article: 1146 (42S02): Table 'arxiv_db.articles' doesn't exist
2025-07-13 09:47:07,269 - config - ERROR - Erreur lors de l'insertion de l'article: 1146 (42S02): Table 'arxiv_db.articles' doesn't exist
2025-07-13 09:47:07,277 - config - ERROR - Erreur lors de l'insertion de l'article: 1146 (42S02): Table 'arxiv_db.articles' doesn't exist
2025-07-13 09:47:07,277 - config - ERROR - Erreur lors de l'insertion de l'article: 1146 (42S02): Table 'arxiv_db.articles' doesn't exist
2025-07-13 09:47:07,277 - config - ERROR - Erreur lors de l'insertion de l'article: 1146 (42S02): Table 'arxiv_db.articles' doesn't exist
2025-07-13 09:47:07,277 - config - ERROR - Erreur lors de l'insertion de l'article: 1146 (42S02): Table 'arxiv_db.articles' doesn't exist
2025-07-13 09:47:07,288 - config - ERROR - Erreur lors de l'insertion de l'article: 1146 (42S02): Table 'arxiv_db.articles' doesn't exist
2025-07-13 09:47:07,288 - config - ERROR - Erreur lors de l'insertion de l'article: 1146 (42S02): Table 'arxiv_db.articles' doesn't exist
2025-07-13 09:47:07,288 - config - ERROR - Erreur lors de l'insertion de l'article: 1146 (42S02): Table 'arxiv_db.articles' doesn't exist
2025-07-13 09:47:07,288 - config - ERROR - Erreur lors de l'insertion de l'article: 1146 (42S02): Table 'arxiv_db.articles' doesn't exist
2025-07-13 09:47:07,296 - config - ERROR - Erreur lors de l'insertion de l'article: 1146 (42S02): Table 'arxiv_db.articles' doesn't exist
2025-07-13 09:47:07,296 - config - ERROR - Erreur lors de l'insertion de l'article: 1146 (42S02): Table 'arxiv_db.articles' doesn't exist
2025-07-13 09:47:07,304 - config - ERROR - Erreur lors de l'insertion de l'article: 1146 (42S02): Table 'arxiv_db.articles' doesn't exist
2025-07-13 09:47:07,304 - config - ERROR - Erreur lors de l'insertion de l'article: 1146 (42S02): Table 'arxiv_db.articles' doesn't exist
2025-07-13 09:47:07,312 - config - ERROR - Erreur lors de l'insertion de l'article: 1146 (42S02): Table 'arxiv_db.articles' doesn't exist
2025-07-13 09:47:07,312 - config - ERROR - Erreur lors de l'insertion de l'article: 1146 (42S02): Table 'arxiv_db.articles' doesn't exist
2025-07-13 09:47:07,312 - config - ERROR - Erreur lors de l'insertion de l'article: 1146 (42S02): Table 'arxiv_db.articles' doesn't exist
2025-07-13 09:47:07,320 - config - ERROR - Erreur lors de l'insertion de l'article: 1146 (42S02): Table 'arxiv_db.articles' doesn't exist
2025-07-13 09:47:07,320 - config - ERROR - Erreur lors de l'insertion de l'article: 1146 (42S02): Table 'arxiv_db.articles' doesn't exist
2025-07-13 09:47:07,320 - config - ERROR - Erreur lors de l'insertion de l'article: 1146 (42S02): Table 'arxiv_db.articles' doesn't exist
2025-07-13 09:47:07,328 - config - ERROR - Erreur lors de l'insertion de l'article: 1146 (42S02): Table 'arxiv_db.articles' doesn't exist
2025-07-13 09:47:07,328 - config - ERROR - Erreur lors de l'insertion de l'article: 1146 (42S02): Table 'arxiv_db.articles' doesn't exist
2025-07-13 09:47:07,328 - config - ERROR - Erreur lors de l'insertion de l'article: 1146 (42S02): Table 'arxiv_db.articles' doesn't exist
2025-07-13 09:47:07,336 - config - ERROR - Erreur lors de l'insertion de l'article: 1146 (42S02): Table 'arxiv_db.articles' doesn't exist
2025-07-13 09:47:07,336 - config - ERROR - Erreur lors de l'insertion de l'article: 1146 (42S02): Table 'arxiv_db.articles' doesn't exist
2025-07-13 09:47:07,336 - config - ERROR - Erreur lors de l'insertion de l'article: 1146 (42S02): Table 'arxiv_db.articles' doesn't exist
2025-07-13 09:47:07,344 - config - ERROR - Erreur lors de l'insertion de l'article: 1146 (42S02): Table 'arxiv_db.articles' doesn't exist
2025-07-13 09:47:07,344 - config - ERROR - Erreur lors de l'insertion de l'article: 1146 (42S02): Table 'arxiv_db.articles' doesn't exist
2025-07-13 09:47:07,344 - config - ERROR - Erreur lors de l'insertion de l'article: 1146 (42S02): Table 'arxiv_db.articles' doesn't exist
2025-07-13 09:47:07,352 - config - ERROR - Erreur lors de l'insertion de l'article: 1146 (42S02): Table 'arxiv_db.articles' doesn't exist
2025-07-13 09:47:07,360 - config - ERROR - Erreur lors de l'insertion de l'article: 1146 (42S02): Table 'arxiv_db.articles' doesn't exist
2025-07-13 09:47:07,360 - config - ERROR - Erreur lors de l'insertion de l'article: 1146 (42S02): Table 'arxiv_db.articles' doesn't exist
2025-07-13 09:47:07,360 - config - ERROR - Erreur lors de l'insertion de l'article: 1146 (42S02): Table 'arxiv_db.articles' doesn't exist
2025-07-13 09:47:07,360 - config - ERROR - Erreur lors de l'insertion de l'article: 1146 (42S02): Table 'arxiv_db.articles' doesn't exist
2025-07-13 09:47:07,369 - config - ERROR - Erreur lors de l'insertion de l'article: 1146 (42S02): Table 'arxiv_db.articles' doesn't exist
2025-07-13 09:47:07,377 - config - ERROR - Erreur lors de l'insertion de l'article: 1146 (42S02): Table 'arxiv_db.articles' doesn't exist
2025-07-13 09:47:07,385 - config - ERROR - Erreur lors de l'insertion de l'article: 1146 (42S02): Table 'arxiv_db.articles' doesn't exist
2025-07-13 09:47:07,393 - config - ERROR - Erreur lors de l'insertion de l'article: 1146 (42S02): Table 'arxiv_db.articles' doesn't exist
2025-07-13 09:47:07,393 - config - ERROR - Erreur lors de l'insertion de l'article: 1146 (42S02): Table 'arxiv_db.articles' doesn't exist
2025-07-13 09:47:07,393 - config - ERROR - Erreur lors de l'insertion de l'article: 1146 (42S02): Table 'arxiv_db.articles' doesn't exist
2025-07-13 09:47:07,393 - config - ERROR - Erreur lors de l'insertion de l'article: 1146 (42S02): Table 'arxiv_db.articles' doesn't exist
2025-07-13 09:47:07,403 - config - ERROR - Erreur lors de l'insertion de l'article: 1146 (42S02): Table 'arxiv_db.articles' doesn't exist
2025-07-13 09:47:07,403 - config - ERROR - Erreur lors de l'insertion de l'article: 1146 (42S02): Table 'arxiv_db.articles' doesn't exist
2025-07-13 09:47:07,403 - config - ERROR - Erreur lors de l'insertion de l'article: 1146 (42S02): Table 'arxiv_db.articles' doesn't exist
2025-07-13 09:47:07,411 - config - ERROR - Erreur lors de l'insertion de l'article: 1146 (42S02): Table 'arxiv_db.articles' doesn't exist
2025-07-13 09:47:07,411 - config - ERROR - Erreur lors de l'insertion de l'article: 1146 (42S02): Table 'arxiv_db.articles' doesn't exist
2025-07-13 09:47:07,411 - config - ERROR - Erreur lors de l'insertion de l'article: 1146 (42S02): Table 'arxiv_db.articles' doesn't exist
2025-07-13 09:47:07,420 - config - ERROR - Erreur lors de l'insertion de l'article: 1146 (42S02): Table 'arxiv_db.articles' doesn't exist
2025-07-13 09:47:07,420 - config - ERROR - Erreur lors de l'insertion de l'article: 1146 (42S02): Table 'arxiv_db.articles' doesn't exist
2025-07-13 09:47:07,420 - config - ERROR - Erreur lors de l'insertion de l'article: 1146 (42S02): Table 'arxiv_db.articles' doesn't exist
2025-07-13 09:47:07,428 - config - ERROR - Erreur lors de l'insertion de l'article: 1146 (42S02): Table 'arxiv_db.articles' doesn't exist
2025-07-13 09:47:07,428 - config - ERROR - Erreur lors de l'insertion de l'article: 1146 (42S02): Table 'arxiv_db.articles' doesn't exist
2025-07-13 09:47:07,428 - config - ERROR - Erreur lors de l'insertion de l'article: 1146 (42S02): Table 'arxiv_db.articles' doesn't exist
2025-07-13 09:47:07,428 - config - ERROR - Erreur lors de l'insertion de l'article: 1146 (42S02): Table 'arxiv_db.articles' doesn't exist
2025-07-13 09:47:07,437 - config - ERROR - Erreur lors de l'insertion de l'article: 1146 (42S02): Table 'arxiv_db.articles' doesn't exist
2025-07-13 09:47:07,437 - config - ERROR - Erreur lors de l'insertion de l'article: 1146 (42S02): Table 'arxiv_db.articles' doesn't exist
2025-07-13 09:47:07,437 - config - ERROR - Erreur lors de l'insertion de l'article: 1146 (42S02): Table 'arxiv_db.articles' doesn't exist
2025-07-13 09:47:07,445 - config - ERROR - Erreur lors de l'insertion de l'article: 1146 (42S02): Table 'arxiv_db.articles' doesn't exist
2025-07-13 09:47:07,445 - config - ERROR - Erreur lors de l'insertion de l'article: 1146 (42S02): Table 'arxiv_db.articles' doesn't exist
2025-07-13 09:47:07,453 - config - ERROR - Erreur lors de l'insertion de l'article: 1146 (42S02): Table 'arxiv_db.articles' doesn't exist
2025-07-13 09:47:07,453 - config - ERROR - Erreur lors de l'insertion de l'article: 1146 (42S02): Table 'arxiv_db.articles' doesn't exist
2025-07-13 09:47:07,453 - config - ERROR - Erreur lors de l'insertion de l'article: 1146 (42S02): Table 'arxiv_db.articles' doesn't exist
2025-07-13 09:47:07,461 - config - ERROR - Erreur lors de l'insertion de l'article: 1146 (42S02): Table 'arxiv_db.articles' doesn't exist
2025-07-13 09:47:07,461 - config - ERROR - Erreur lors de l'insertion de l'article: 1146 (42S02): Table 'arxiv_db.articles' doesn't exist
2025-07-13 09:47:07,461 - config - ERROR - Erreur lors de l'insertion de l'article: 1146 (42S02): Table 'arxiv_db.articles' doesn't exist
2025-07-13 09:47:07,470 - config - ERROR - Erreur lors de l'insertion de l'article: 1146 (42S02): Table 'arxiv_db.articles' doesn't exist
2025-07-13 09:47:07,470 - config - ERROR - Erreur lors de l'insertion de l'article: 1146 (42S02): Table 'arxiv_db.articles' doesn't exist
2025-07-13 09:47:07,470 - config - ERROR - Erreur lors de l'insertion de l'article: 1146 (42S02): Table 'arxiv_db.articles' doesn't exist
2025-07-13 09:47:07,478 - config - ERROR - Erreur lors de l'insertion de l'article: 1146 (42S02): Table 'arxiv_db.articles' doesn't exist
2025-07-13 09:47:07,478 - config - ERROR - Erreur lors de l'insertion de l'article: 1146 (42S02): Table 'arxiv_db.articles' doesn't exist
2025-07-13 09:47:07,478 - config - ERROR - Erreur lors de l'insertion de l'article: 1146 (42S02): Table 'arxiv_db.articles' doesn't exist
2025-07-13 09:47:07,487 - config - ERROR - Erreur lors de l'insertion de l'article: 1146 (42S02): Table 'arxiv_db.articles' doesn't exist
2025-07-13 09:47:07,487 - config - ERROR - Erreur lors de l'insertion de l'article: 1146 (42S02): Table 'arxiv_db.articles' doesn't exist
2025-07-13 09:47:07,487 - config - ERROR - Erreur lors de l'insertion de l'article: 1146 (42S02): Table 'arxiv_db.articles' doesn't exist
2025-07-13 09:47:07,495 - config - ERROR - Erreur lors de l'insertion de l'article: 1146 (42S02): Table 'arxiv_db.articles' doesn't exist
2025-07-13 09:47:07,495 - config - ERROR - Erreur lors de l'insertion de l'article: 1146 (42S02): Table 'arxiv_db.articles' doesn't exist
2025-07-13 09:47:07,495 - config - ERROR - Erreur lors de l'insertion de l'article: 1146 (42S02): Table 'arxiv_db.articles' doesn't exist
2025-07-13 09:47:07,495 - config - ERROR - Erreur lors de l'insertion de l'article: 1146 (42S02): Table 'arxiv_db.articles' doesn't exist
2025-07-13 09:47:07,504 - config - ERROR - Erreur lors de l'insertion de l'article: 1146 (42S02): Table 'arxiv_db.articles' doesn't exist
2025-07-13 09:47:07,504 - config - ERROR - Erreur lors de l'insertion de l'article: 1146 (42S02): Table 'arxiv_db.articles' doesn't exist
2025-07-13 09:47:07,512 - config - INFO - Connexion fermée
2025-07-13 09:47:07,520 - config - INFO - Extraction terminée. 100 articles extraits.
2025-07-13 09:47:07,586 - config - INFO - Données sauvegardées dans data/timachine_learning_OR_absmachine_learning_20250713_094707.json et data/timachine_learning_OR_absmachine_learning_20250713_094707.csv
2025-07-13 09:47:07,594 - config - INFO - Nettoyage de 100 articles
2025-07-13 09:47:07,698 - config - INFO - Suppression de 0 doublons
2025-07-13 09:47:07,698 - config - INFO - Nettoyage terminé. 100 articles valides
2025-07-13 09:47:07,722 - config - INFO - Résultats sauvegardés dans data/extraction_results_20250713_094707.json
2025-07-13 09:48:07,484 - config - INFO - Début de l'extraction pour la requête: (ti:"machine learning" OR abs:"machine learning") AND (cat:cs.LG OR cat:cs.AI)
2025-07-13 09:48:08,095 - config - INFO - Nombre total d'articles disponibles: 10
2025-07-13 11:48:41,001 - config - INFO - Base de données arxiv_db créée ou existe déjà
2025-07-13 11:48:41,005 - config - INFO - Connexion à MySQL établie avec succès
2025-07-13 11:48:41,406 - config - INFO - Toutes les tables ont été créées avec succès
2025-07-13 11:48:41,407 - config - INFO - Connexion fermée
2025-07-13 11:49:10,302 - config - INFO - Extraction par mots-clés: ['machine learning']
2025-07-13 11:49:10,302 - config - INFO - Début de l'extraction pour la requête: (ti:"machine learning" OR abs:"machine learning") AND (cat:cs.LG OR cat:cs.AI)
2025-07-13 11:49:11,517 - config - INFO - Nombre total d'articles disponibles: 5
2025-07-13 11:49:12,125 - config - INFO - Connexion à MySQL établie avec succès
2025-07-13 11:49:12,432 - config - INFO - Connexion fermée
2025-07-13 11:49:12,438 - config - INFO - Extraction terminée. 5 articles extraits.
2025-07-13 11:49:12,536 - config - INFO - Données sauvegardées dans data/timachine_learning_OR_absmachine_learning_AND_catcsLG_OR_catcsAI_20250713_114912.json et data/timachine_learning_OR_absmachine_learning_AND_catcsLG_OR_catcsAI_20250713_114912.csv
2025-07-13 11:49:12,538 - config - INFO - Nettoyage de 5 articles
2025-07-13 11:49:12,558 - config - INFO - Suppression de 0 doublons
2025-07-13 11:49:12,559 - config - INFO - Nettoyage terminé. 5 articles valides
2025-07-13 11:49:12,572 - config - INFO - Résultats sauvegardés dans data/extraction_results_20250713_114912.json
2025-07-13 11:49:57,746 - config - INFO - Extraction par catégorie: cs.CV
2025-07-13 11:49:57,747 - config - INFO - Début de l'extraction pour la requête: cat:cs.CV
2025-07-13 11:49:58,213 - config - INFO - Nombre total d'articles disponibles: 3
2025-07-13 11:49:58,713 - config - INFO - Connexion à MySQL établie avec succès
2025-07-13 11:49:59,020 - config - INFO - Connexion fermée
2025-07-13 11:49:59,022 - config - INFO - Extraction terminée. 3 articles extraits.
2025-07-13 11:49:59,032 - config - INFO - Données sauvegardées dans data/catcsCV_20250713_114959.json et data/catcsCV_20250713_114959.csv
2025-07-13 11:49:59,033 - config - INFO - Nettoyage de 3 articles
2025-07-13 11:49:59,038 - config - INFO - Suppression de 0 doublons
2025-07-13 11:49:59,039 - config - INFO - Nettoyage terminé. 3 articles valides
2025-07-13 11:49:59,047 - config - INFO - Résultats sauvegardés dans data/extraction_results_20250713_114959.json
2025-07-13 11:50:15,663 - config - INFO - Connexion à MySQL établie avec succès
2025-07-13 11:50:15,672 - config - INFO - Statistiques de la base : {'total_articles': 8, 'total_authors': 42, 'articles_by_category': [('cs.CV', 2), ('cs.LG', 2), ('cs.CL', 1), ('cs.AI', 1), ('physics.chem-ph', 1), ('hep-ph', 1)], 'articles_by_year': [(2025, 8)]}
2025-07-13 11:50:15,673 - config - INFO - Connexion fermée
2025-07-13 13:44:15,034 - faiss.loader - INFO - Loading faiss with AVX2 support.
2025-07-13 13:44:15,208 - faiss.loader - INFO - Successfully loaded faiss with AVX2 support.
2025-07-13 13:44:15,228 - faiss - INFO - Failed to load GPU Faiss: name 'GpuIndexIVFFlat' is not defined. Will not load constructor refs for GPU indexes. This is only an error if you're trying to use GPU Faiss.
2025-07-13 13:45:02,513 - faiss.loader - INFO - Loading faiss with AVX2 support.
2025-07-13 13:45:02,539 - faiss.loader - INFO - Successfully loaded faiss with AVX2 support.
2025-07-13 13:45:02,555 - faiss - INFO - Failed to load GPU Faiss: name 'GpuIndexIVFFlat' is not defined. Will not load constructor refs for GPU indexes. This is only an error if you're trying to use GPU Faiss.
2025-07-13 13:48:15,388 - faiss.loader - INFO - Loading faiss with AVX2 support.
2025-07-13 13:48:15,428 - faiss.loader - INFO - Successfully loaded faiss with AVX2 support.
2025-07-13 13:48:15,436 - faiss - INFO - Failed to load GPU Faiss: name 'GpuIndexIVFFlat' is not defined. Will not load constructor refs for GPU indexes. This is only an error if you're trying to use GPU Faiss.
2025-07-13 13:48:15,444 - sentence_transformers.SentenceTransformer - INFO - Use pytorch device_name: cpu
2025-07-13 13:48:15,444 - sentence_transformers.SentenceTransformer - INFO - Load pretrained SentenceTransformer: all-MiniLM-L6-v2
2025-07-13 13:50:06,158 - faiss.loader - INFO - Loading faiss with AVX2 support.
2025-07-13 13:50:06,200 - faiss.loader - INFO - Successfully loaded faiss with AVX2 support.
2025-07-13 13:50:06,212 - faiss - INFO - Failed to load GPU Faiss: name 'GpuIndexIVFFlat' is not defined. Will not load constructor refs for GPU indexes. This is only an error if you're trying to use GPU Faiss.
2025-07-13 13:50:06,229 - sentence_transformers.SentenceTransformer - INFO - Use pytorch device_name: cpu
2025-07-13 13:50:06,229 - sentence_transformers.SentenceTransformer - INFO - Load pretrained SentenceTransformer: all-MiniLM-L6-v2
2025-07-13 13:51:27,496 - faiss.loader - INFO - Loading faiss with AVX2 support.
2025-07-13 13:51:27,541 - faiss.loader - INFO - Successfully loaded faiss with AVX2 support.
2025-07-13 13:51:27,541 - faiss - INFO - Failed to load GPU Faiss: name 'GpuIndexIVFFlat' is not defined. Will not load constructor refs for GPU indexes. This is only an error if you're trying to use GPU Faiss.
2025-07-13 13:51:27,558 - sentence_transformers.SentenceTransformer - INFO - Use pytorch device_name: cpu
2025-07-13 13:51:27,566 - sentence_transformers.SentenceTransformer - INFO - Load pretrained SentenceTransformer: all-MiniLM-L6-v2
2025-07-13 13:53:56,133 - faiss.loader - INFO - Loading faiss with AVX2 support.
2025-07-13 13:53:56,166 - faiss.loader - INFO - Successfully loaded faiss with AVX2 support.
2025-07-13 13:53:56,182 - faiss - INFO - Failed to load GPU Faiss: name 'GpuIndexIVFFlat' is not defined. Will not load constructor refs for GPU indexes. This is only an error if you're trying to use GPU Faiss.
2025-07-13 13:53:56,198 - sentence_transformers.SentenceTransformer - INFO - Use pytorch device_name: cpu
2025-07-13 13:53:56,198 - sentence_transformers.SentenceTransformer - INFO - Load pretrained SentenceTransformer: all-MiniLM-L6-v2
2025-07-13 13:58:30,774 - faiss.loader - INFO - Loading faiss with AVX2 support.
2025-07-13 13:58:30,951 - faiss.loader - INFO - Successfully loaded faiss with AVX2 support.
2025-07-13 13:58:30,976 - faiss - INFO - Failed to load GPU Faiss: name 'GpuIndexIVFFlat' is not defined. Will not load constructor refs for GPU indexes. This is only an error if you're trying to use GPU Faiss.
2025-07-13 13:58:30,984 - sentence_transformers.SentenceTransformer - INFO - Use pytorch device_name: cpu
2025-07-13 13:58:30,992 - sentence_transformers.SentenceTransformer - INFO - Load pretrained SentenceTransformer: all-MiniLM-L6-v2
2025-07-13 14:01:25,286 - faiss.loader - INFO - Loading faiss with AVX2 support.
2025-07-13 14:01:25,343 - faiss.loader - INFO - Successfully loaded faiss with AVX2 support.
2025-07-13 14:01:25,351 - faiss - INFO - Failed to load GPU Faiss: name 'GpuIndexIVFFlat' is not defined. Will not load constructor refs for GPU indexes. This is only an error if you're trying to use GPU Faiss.
2025-07-13 14:04:24,358 - faiss.loader - INFO - Loading faiss with AVX2 support.
2025-07-13 14:04:24,388 - faiss.loader - INFO - Successfully loaded faiss with AVX2 support.
2025-07-13 14:04:24,403 - faiss - INFO - Failed to load GPU Faiss: name 'GpuIndexIVFFlat' is not defined. Will not load constructor refs for GPU indexes. This is only an error if you're trying to use GPU Faiss.
2025-07-13 14:04:24,419 - sentence_transformers.SentenceTransformer - INFO - Use pytorch device_name: cpu
2025-07-13 14:04:24,419 - sentence_transformers.SentenceTransformer - INFO - Load pretrained SentenceTransformer: all-MiniLM-L6-v2
2025-07-13 14:06:14,302 - faiss.loader - INFO - Loading faiss with AVX2 support.
2025-07-13 14:06:14,345 - faiss.loader - INFO - Successfully loaded faiss with AVX2 support.
2025-07-13 14:06:14,345 - faiss - INFO - Failed to load GPU Faiss: name 'GpuIndexIVFFlat' is not defined. Will not load constructor refs for GPU indexes. This is only an error if you're trying to use GPU Faiss.
2025-07-13 14:06:14,371 - sentence_transformers.SentenceTransformer - INFO - Use pytorch device_name: cpu
2025-07-13 14:06:14,371 - sentence_transformers.SentenceTransformer - INFO - Load pretrained SentenceTransformer: all-MiniLM-L6-v2
2025-07-13 14:06:30,939 - config - ERROR - Erreur lors de la récupération des articles récents : 'NoneType' object has no attribute 'execute'
2025-07-18 18:39:44,147 - config - INFO - Extraction par mots-clés: ['machine learning']
2025-07-18 18:39:44,147 - config - INFO - Début de l'extraction pour la requête: (ti:"machine learning" OR abs:"machine learning") AND (cat:cs.LG OR cat:cs.AI)
2025-07-18 18:39:44,927 - config - INFO - Nombre total d'articles disponibles: 1000
2025-07-18 18:39:45,977 - config - INFO - Connexion à MySQL établie avec succès
2025-07-18 18:39:48,186 - config - INFO - Connexion fermée
2025-07-18 18:39:51,698 - config - WARNING - Aucun résultat pour start=100
2025-07-18 18:39:51,698 - config - INFO - Extraction terminée. 100 articles extraits.
2025-07-18 18:39:51,777 - config - INFO - Données sauvegardées dans data/timachine_learning_OR_absmachine_learning_AND_catcsLG_OR_catcsAI_20250718_183951.json et data/timachine_learning_OR_absmachine_learning_AND_catcsLG_OR_catcsAI_20250718_183951.csv
2025-07-18 18:39:51,777 - config - INFO - Nettoyage de 100 articles
2025-07-18 18:39:51,932 - config - INFO - Suppression de 0 doublons
2025-07-18 18:39:51,932 - config - INFO - Nettoyage terminé. 100 articles valides
2025-07-18 18:39:51,957 - config - INFO - Résultats sauvegardés dans data/extraction_results_20250718_183951.json
2025-07-18 19:56:39,699 - config - INFO - Extraction par mots-clés: ['a']
2025-07-18 19:56:39,699 - config - INFO - Début de l'extraction pour la requête: (ti:"a" OR abs:"a")
2025-07-18 19:56:40,585 - config - INFO - Nombre total d'articles disponibles: 10000
2025-07-18 19:56:42,050 - config - INFO - Connexion à MySQL établie avec succès
2025-07-18 19:56:44,840 - config - INFO - Connexion fermée
2025-07-18 19:56:48,557 - config - WARNING - Aucun résultat pour start=100
2025-07-18 19:56:48,557 - config - INFO - Extraction terminée. 100 articles extraits.
2025-07-18 19:56:48,633 - config - INFO - Données sauvegardées dans data/tia_OR_absa_20250718_195648.json et data/tia_OR_absa_20250718_195648.csv
2025-07-18 19:56:48,633 - config - INFO - Nettoyage de 100 articles
2025-07-18 19:56:48,733 - config - WARNING - Titre trop court: Voxtral
2025-07-18 19:56:48,733 - config - WARNING - Article invalide ignoré: 2507.13264v1
2025-07-18 19:56:48,733 - config - INFO - Suppression de 0 doublons
2025-07-18 19:56:48,733 - config - INFO - Nettoyage terminé. 99 articles valides
2025-07-18 19:56:48,769 - config - INFO - Résultats sauvegardés dans data/extraction_results_20250718_195648.json
2025-07-18 20:16:15,578 - config - INFO - Extraction par mots-clés: ['machine learning']
2025-07-18 20:16:15,578 - config - INFO - Début de l'extraction pour la requête: (ti:"machine learning" OR abs:"machine learning") AND submittedDate:[2020-01-01 TO 2025-12-31]
2025-07-18 20:16:16,698 - config - INFO - Nombre total d'articles disponibles: 1000
2025-07-18 20:16:18,129 - config - INFO - Connexion à MySQL établie avec succès
2025-07-18 20:16:20,169 - config - INFO - Connexion fermée
2025-07-18 20:16:23,919 - config - WARNING - Aucun résultat pour start=100
2025-07-18 20:16:23,919 - config - INFO - Extraction terminée. 100 articles extraits.
2025-07-18 20:16:23,988 - config - INFO - Données sauvegardées dans data/timachine_learning_OR_absmachine_learning_AND_submittedDate2020-01-01_TO_2025-12-31_20250718_201623.json et data/timachine_learning_OR_absmachine_learning_AND_submittedDate2020-01-01_TO_2025-12-31_20250718_201623.csv
2025-07-18 20:16:23,988 - config - INFO - Nettoyage de 100 articles
2025-07-18 20:16:24,096 - config - INFO - Suppression de 0 doublons
2025-07-18 20:16:24,096 - config - INFO - Nettoyage terminé. 100 articles valides
2025-07-18 20:16:24,113 - config - INFO - Résultats sauvegardés dans data/extraction_results_20250718_201624.json
